{"uuid":"4c1f1080-62f7-4c53-ab3e-47e8c8738a23","historyId":"d0a89860a825d08c7a4156535854d533","fullName":"playwright.InjuryTestCreate.t","labels":[{"name":"package","value":"playwright.InjuryTestCreate"},{"name":"testClass","value":"playwright.InjuryTestCreate"},{"name":"testMethod","value":"t"},{"name":"parentSuite","value":"Gradle suite"},{"name":"suite","value":"Gradle test"},{"name":"subSuite","value":"playwright.InjuryTestCreate"},{"name":"host","value":"Home"},{"name":"thread","value":"1168@Home.Test worker(1)"},{"name":"framework","value":"testng"},{"name":"language","value":"java"}],"links":[],"name":"t","status":"broken","statusDetails":{"known":false,"muted":false,"flaky":false,"message":"Error {\n  message='Target closed\n=========================== logs ===========================\nwaiting for locator(\"#t-add-btn\")\n============================================================\n  name='Error\n  stack='Error: Target closed\n=========================== logs ===========================\nwaiting for locator(\"#t-add-btn\")\n============================================================\n    at C:\\Users\\User\\AppData\\Local\\Temp\\playwright-java-7833446405083312754\\package\\lib\\server\\chromium\\crConnection.js:145:16\n    at new Promise (<anonymous>)\n    at CRSession.send (C:\\Users\\User\\AppData\\Local\\Temp\\playwright-java-7833446405083312754\\package\\lib\\server\\chromium\\crConnection.js:141:12)\n    at CRExecutionContext.evaluateWithArguments (C:\\Users\\User\\AppData\\Local\\Temp\\playwright-java-7833446405083312754\\package\\lib\\server\\chromium\\crExecutionContext.js:78:28)\n    at FrameExecutionContext.evaluateWithArguments (C:\\Users\\User\\AppData\\Local\\Temp\\playwright-java-7833446405083312754\\package\\lib\\server\\javascript.js:61:61)\n    at evaluateExpression (C:\\Users\\User\\AppData\\Local\\Temp\\playwright-java-7833446405083312754\\package\\lib\\server\\javascript.js:241:26)\n    at runNextTicks (node:internal/process/task_queues:60:5)\n    at process.processTimers (node:internal/timers:509:9)\n    at async C:\\Users\\User\\AppData\\Local\\Temp\\playwright-java-7833446405083312754\\package\\lib\\server\\frames.js:941:22\n    at async Frame.retryWithProgressAndTimeouts (C:\\Users\\User\\AppData\\Local\\Temp\\playwright-java-7833446405083312754\\package\\lib\\server\\frames.js:912:24)\n}","trace":"com.microsoft.playwright.PlaywrightException: Error {\n  message='Target closed\n=========================== logs ===========================\nwaiting for locator(\"#t-add-btn\")\n============================================================\n  name='Error\n  stack='Error: Target closed\n=========================== logs ===========================\nwaiting for locator(\"#t-add-btn\")\n============================================================\n    at C:\\Users\\User\\AppData\\Local\\Temp\\playwright-java-7833446405083312754\\package\\lib\\server\\chromium\\crConnection.js:145:16\n    at new Promise (<anonymous>)\n    at CRSession.send (C:\\Users\\User\\AppData\\Local\\Temp\\playwright-java-7833446405083312754\\package\\lib\\server\\chromium\\crConnection.js:141:12)\n    at CRExecutionContext.evaluateWithArguments (C:\\Users\\User\\AppData\\Local\\Temp\\playwright-java-7833446405083312754\\package\\lib\\server\\chromium\\crExecutionContext.js:78:28)\n    at FrameExecutionContext.evaluateWithArguments (C:\\Users\\User\\AppData\\Local\\Temp\\playwright-java-7833446405083312754\\package\\lib\\server\\javascript.js:61:61)\n    at evaluateExpression (C:\\Users\\User\\AppData\\Local\\Temp\\playwright-java-7833446405083312754\\package\\lib\\server\\javascript.js:241:26)\n    at runNextTicks (node:internal/process/task_queues:60:5)\n    at process.processTimers (node:internal/timers:509:9)\n    at async C:\\Users\\User\\AppData\\Local\\Temp\\playwright-java-7833446405083312754\\package\\lib\\server\\frames.js:941:22\n    at async Frame.retryWithProgressAndTimeouts (C:\\Users\\User\\AppData\\Local\\Temp\\playwright-java-7833446405083312754\\package\\lib\\server\\frames.js:912:24)\n}\r\n\tat com.microsoft.playwright.impl.WaitableResult.get(WaitableResult.java:54)\r\n\tat com.microsoft.playwright.impl.ChannelOwner.runUntil(ChannelOwner.java:120)\r\n\tat com.microsoft.playwright.impl.Connection.sendMessage(Connection.java:126)\r\n\tat com.microsoft.playwright.impl.ChannelOwner.sendMessage(ChannelOwner.java:106)\r\n\tat com.microsoft.playwright.impl.FrameImpl.clickImpl(FrameImpl.java:252)\r\n\tat com.microsoft.playwright.impl.PageImpl.lambda$click$17(PageImpl.java:577)\r\n\tat com.microsoft.playwright.impl.LoggingSupport.lambda$withLogging$0(LoggingSupport.java:36)\r\n\tat com.microsoft.playwright.impl.LoggingSupport.withLogging(LoggingSupport.java:47)\r\n\tat com.microsoft.playwright.impl.ChannelOwner.withLogging(ChannelOwner.java:89)\r\n\tat com.microsoft.playwright.impl.LoggingSupport.withLogging(LoggingSupport.java:35)\r\n\tat com.microsoft.playwright.impl.PageImpl.click(PageImpl.java:576)\r\n\tat com.microsoft.playwright.Page.click(Page.java:3741)\r\n\tat playwright.InjuryPO.fillInjuryCard(InjuryPO.java:22)\r\n\tat playwright.InjuryTestCreate.t(InjuryTestCreate.java:15)\r\n\tat java.base/jdk.internal.reflect.NativeMethodAccessorImpl.invoke0(Native Method)\r\n\tat java.base/jdk.internal.reflect.NativeMethodAccessorImpl.invoke(NativeMethodAccessorImpl.java:78)\r\n\tat java.base/jdk.internal.reflect.DelegatingMethodAccessorImpl.invoke(DelegatingMethodAccessorImpl.java:43)\r\n\tat java.base/java.lang.reflect.Method.invoke(Method.java:567)\r\n\tat org.testng.internal.MethodInvocationHelper.invokeMethod(MethodInvocationHelper.java:132)\r\n\tat org.testng.internal.TestInvoker.invokeMethod(TestInvoker.java:599)\r\n\tat org.testng.internal.TestInvoker.invokeTestMethod(TestInvoker.java:174)\r\n\tat org.testng.internal.MethodRunner.runInSequence(MethodRunner.java:46)\r\n\tat org.testng.internal.TestInvoker$MethodInvocationAgent.invoke(TestInvoker.java:822)\r\n\tat org.testng.internal.TestInvoker.invokeTestMethods(TestInvoker.java:147)\r\n\tat org.testng.internal.TestMethodWorker.invokeTestMethods(TestMethodWorker.java:146)\r\n\tat org.testng.internal.TestMethodWorker.run(TestMethodWorker.java:128)\r\n\tat java.base/java.util.ArrayList.forEach(ArrayList.java:1511)\r\n\tat org.testng.TestRunner.privateRun(TestRunner.java:764)\r\n\tat org.testng.TestRunner.run(TestRunner.java:585)\r\n\tat org.testng.SuiteRunner.runTest(SuiteRunner.java:384)\r\n\tat org.testng.SuiteRunner.runSequentially(SuiteRunner.java:378)\r\n\tat org.testng.SuiteRunner.privateRun(SuiteRunner.java:337)\r\n\tat org.testng.SuiteRunner.run(SuiteRunner.java:286)\r\n\tat org.testng.SuiteRunnerWorker.runSuite(SuiteRunnerWorker.java:53)\r\n\tat org.testng.SuiteRunnerWorker.run(SuiteRunnerWorker.java:96)\r\n\tat org.testng.TestNG.runSuitesSequentially(TestNG.java:1218)\r\n\tat org.testng.TestNG.runSuitesLocally(TestNG.java:1140)\r\n\tat org.testng.TestNG.runSuites(TestNG.java:1069)\r\n\tat org.testng.TestNG.run(TestNG.java:1037)\r\n\tat org.gradle.api.internal.tasks.testing.testng.TestNGTestClassProcessor.runTests(TestNGTestClassProcessor.java:145)\r\n\tat org.gradle.api.internal.tasks.testing.testng.TestNGTestClassProcessor.stop(TestNGTestClassProcessor.java:92)\r\n\tat org.gradle.api.internal.tasks.testing.SuiteTestClassProcessor.stop(SuiteTestClassProcessor.java:62)\r\n\tat java.base/jdk.internal.reflect.NativeMethodAccessorImpl.invoke0(Native Method)\r\n\tat java.base/jdk.internal.reflect.NativeMethodAccessorImpl.invoke(NativeMethodAccessorImpl.java:78)\r\n\tat java.base/jdk.internal.reflect.DelegatingMethodAccessorImpl.invoke(DelegatingMethodAccessorImpl.java:43)\r\n\tat java.base/java.lang.reflect.Method.invoke(Method.java:567)\r\n\tat org.gradle.internal.dispatch.ReflectionDispatch.dispatch(ReflectionDispatch.java:36)\r\n\tat org.gradle.internal.dispatch.ReflectionDispatch.dispatch(ReflectionDispatch.java:24)\r\n\tat org.gradle.internal.dispatch.ContextClassLoaderDispatch.dispatch(ContextClassLoaderDispatch.java:33)\r\n\tat org.gradle.internal.dispatch.ProxyDispatchAdapter$DispatchingInvocationHandler.invoke(ProxyDispatchAdapter.java:94)\r\n\tat jdk.proxy1/jdk.proxy1.$Proxy2.stop(Unknown Source)\r\n\tat org.gradle.api.internal.tasks.testing.worker.TestWorker$3.run(TestWorker.java:193)\r\n\tat org.gradle.api.internal.tasks.testing.worker.TestWorker.executeAndMaintainThreadName(TestWorker.java:129)\r\n\tat org.gradle.api.internal.tasks.testing.worker.TestWorker.execute(TestWorker.java:100)\r\n\tat org.gradle.api.internal.tasks.testing.worker.TestWorker.execute(TestWorker.java:60)\r\n\tat org.gradle.process.internal.worker.child.ActionExecutionWorker.execute(ActionExecutionWorker.java:56)\r\n\tat org.gradle.process.internal.worker.child.SystemApplicationClassLoaderWorker.call(SystemApplicationClassLoaderWorker.java:113)\r\n\tat org.gradle.process.internal.worker.child.SystemApplicationClassLoaderWorker.call(SystemApplicationClassLoaderWorker.java:65)\r\n\tat worker.org.gradle.process.internal.worker.GradleWorkerMain.run(GradleWorkerMain.java:69)\r\n\tat worker.org.gradle.process.internal.worker.GradleWorkerMain.main(GradleWorkerMain.java:74)\r\nCaused by: com.microsoft.playwright.impl.DriverException: Error {\n  message='Target closed\n=========================== logs ===========================\nwaiting for locator(\"#t-add-btn\")\n============================================================\n  name='Error\n  stack='Error: Target closed\n=========================== logs ===========================\nwaiting for locator(\"#t-add-btn\")\n============================================================\n    at C:\\Users\\User\\AppData\\Local\\Temp\\playwright-java-7833446405083312754\\package\\lib\\server\\chromium\\crConnection.js:145:16\n    at new Promise (<anonymous>)\n    at CRSession.send (C:\\Users\\User\\AppData\\Local\\Temp\\playwright-java-7833446405083312754\\package\\lib\\server\\chromium\\crConnection.js:141:12)\n    at CRExecutionContext.evaluateWithArguments (C:\\Users\\User\\AppData\\Local\\Temp\\playwright-java-7833446405083312754\\package\\lib\\server\\chromium\\crExecutionContext.js:78:28)\n    at FrameExecutionContext.evaluateWithArguments (C:\\Users\\User\\AppData\\Local\\Temp\\playwright-java-7833446405083312754\\package\\lib\\server\\javascript.js:61:61)\n    at evaluateExpression (C:\\Users\\User\\AppData\\Local\\Temp\\playwright-java-7833446405083312754\\package\\lib\\server\\javascript.js:241:26)\n    at runNextTicks (node:internal/process/task_queues:60:5)\n    at process.processTimers (node:internal/timers:509:9)\n    at async C:\\Users\\User\\AppData\\Local\\Temp\\playwright-java-7833446405083312754\\package\\lib\\server\\frames.js:941:22\n    at async Frame.retryWithProgressAndTimeouts (C:\\Users\\User\\AppData\\Local\\Temp\\playwright-java-7833446405083312754\\package\\lib\\server\\frames.js:912:24)\n}\r\n\tat com.microsoft.playwright.impl.Connection.dispatch(Connection.java:226)\r\n\tat com.microsoft.playwright.impl.Connection.processOneMessage(Connection.java:206)\r\n\tat com.microsoft.playwright.impl.ChannelOwner.runUntil(ChannelOwner.java:118)\r\n\t... 58 more\r\n"},"stage":"finished","steps":[],"attachments":[],"parameters":[],"start":1699296085356,"stop":1699296150973}